{"text": "2023-12-16 07:21:49 | INFO    | __main__:stash:131 | run - {'image': '20231121', 'version': '0.10.1.post2', 'role': 'EpicPlayer', 'headless': True}\n", "record": {"elapsed": {"repr": "0:00:01.026054", "seconds": 1.026054}, "exception": null, "extra": {"image": "20231121", "version": "0.10.1.post2", "role": "EpicPlayer", "headless": true}, "file": {"name": "claim.py", "path": "/home/runner/work/epic/epic/epic/src/claim.py"}, "function": "stash", "level": {"icon": "‚ÑπÔ∏è", "name": "INFO", "no": 20}, "line": 131, "message": "run", "module": "claim", "name": "__main__", "process": {"id": 3655, "name": "MainProcess"}, "thread": {"id": 140158294752128, "name": "MainThread"}, "time": {"repr": "2023-12-16 07:21:49.101975+08:00", "timestamp": 1702682509.101975}}}
{"text": "2023-12-16 07:21:56 | DEBUG    | __main__:create_tasks:66 | Put task - {'title': 'Destiny 2: Legacy Collection', 'url': 'https://store.epicgames.com/en-US/p/destiny-2--legacy-collection-2023'}\n", "record": {"elapsed": {"repr": "0:00:08.426779", "seconds": 8.426779}, "exception": null, "extra": {"title": "Destiny 2: Legacy Collection", "url": "https://store.epicgames.com/en-US/p/destiny-2--legacy-collection-2023"}, "file": {"name": "claim.py", "path": "/home/runner/work/epic/epic/epic/src/claim.py"}, "function": "create_tasks", "level": {"icon": "üêû", "name": "DEBUG", "no": 10}, "line": 66, "message": "Put task", "module": "claim", "name": "__main__", "process": {"id": 3655, "name": "MainProcess"}, "thread": {"id": 140158294752128, "name": "MainThread"}, "time": {"repr": "2023-12-16 07:21:56.502700+08:00", "timestamp": 1702682516.5027}}}
{"text": "2023-12-16 07:22:03 | INFO    | epic_games.agent:claim_weekly_games:294 | claim_weekly_games - {'action': 'go to store', 'url': 'https://store.epicgames.com/en-US/p/destiny-2--legacy-collection-2023'}\n", "record": {"elapsed": {"repr": "0:00:15.707887", "seconds": 15.707887}, "exception": null, "extra": {"action": "go to store", "url": "https://store.epicgames.com/en-US/p/destiny-2--legacy-collection-2023"}, "file": {"name": "agent.py", "path": "/home/runner/work/epic/epic/epic/src/epic_games/agent.py"}, "function": "claim_weekly_games", "level": {"icon": "‚ÑπÔ∏è", "name": "INFO", "no": 20}, "line": 294, "message": "claim_weekly_games", "module": "agent", "name": "epic_games.agent", "process": {"id": 3655, "name": "MainProcess"}, "thread": {"id": 140158294752128, "name": "MainThread"}, "time": {"repr": "2023-12-16 07:22:03.783808+08:00", "timestamp": 1702682523.783808}}}
{"text": "2023-12-16 07:22:12 | INFO    | epic_games.agent:claim_weekly_games:326 | claim_weekly_games - {'action': 'move to webPurchaseContainer iframe'}\n", "record": {"elapsed": {"repr": "0:00:24.246018", "seconds": 24.246018}, "exception": null, "extra": {"action": "move to webPurchaseContainer iframe"}, "file": {"name": "agent.py", "path": "/home/runner/work/epic/epic/epic/src/epic_games/agent.py"}, "function": "claim_weekly_games", "level": {"icon": "‚ÑπÔ∏è", "name": "INFO", "no": 20}, "line": 326, "message": "claim_weekly_games", "module": "agent", "name": "epic_games.agent", "process": {"id": 3655, "name": "MainProcess"}, "thread": {"id": 140158294752128, "name": "MainThread"}, "time": {"repr": "2023-12-16 07:22:12.321939+08:00", "timestamp": 1702682532.321939}}}
{"text": "2023-12-16 07:22:14 | INFO    | epic_games.agent:claim_weekly_games:328 | claim_weekly_games - {'action': 'click payment button'}\n", "record": {"elapsed": {"repr": "0:00:26.614652", "seconds": 26.614652}, "exception": null, "extra": {"action": "click payment button"}, "file": {"name": "agent.py", "path": "/home/runner/work/epic/epic/epic/src/epic_games/agent.py"}, "function": "claim_weekly_games", "level": {"icon": "‚ÑπÔ∏è", "name": "INFO", "no": 20}, "line": 328, "message": "claim_weekly_games", "module": "agent", "name": "epic_games.agent", "process": {"id": 3655, "name": "MainProcess"}, "thread": {"id": 140158294752128, "name": "MainThread"}, "time": {"repr": "2023-12-16 07:22:14.690573+08:00", "timestamp": 1702682534.690573}}}
{"text": "2023-12-16 07:22:19 | DEBUG    | hcaptcha_challenger.agents.playwright.control:_parse_label:241 | get task - {'prompt': 'Œ°lease click each image containing edible plant'}\n", "record": {"elapsed": {"repr": "0:00:31.617492", "seconds": 31.617492}, "exception": null, "extra": {"prompt": "Œ°lease click each image containing edible plant"}, "file": {"name": "control.py", "path": "/opt/hostedtoolcache/Python/3.10.13/x64/lib/python3.10/site-packages/hcaptcha_challenger/agents/playwright/control.py"}, "function": "_parse_label", "level": {"icon": "üêû", "name": "DEBUG", "no": 10}, "line": 241, "message": "get task", "module": "control", "name": "hcaptcha_challenger.agents.playwright.control", "process": {"id": 3655, "name": "MainProcess"}, "thread": {"id": 140158294752128, "name": "MainThread"}, "time": {"repr": "2023-12-16 07:22:19.693413+08:00", "timestamp": 1702682539.693413}}}
{"text": "2023-12-16 07:22:20 | DEBUG    | hcaptcha_challenger.agents.playwright.control:_catch_all_binary_challenge:474 | handle task - {'unsupervised': 'binary', 'candidate_labels': ['This is a picture that looks like edible plant.', \"This is a picture that don't look like edible plant.\"], 'prompt': 'Œ°lease click each image containing edible plant', 'timit': '0.951s'}\n", "record": {"elapsed": {"repr": "0:00:32.752458", "seconds": 32.752458}, "exception": null, "extra": {"unsupervised": "binary", "candidate_labels": ["This is a picture that looks like edible plant.", "This is a picture that don't look like edible plant."], "prompt": "Œ°lease click each image containing edible plant", "timit": "0.951s"}, "file": {"name": "control.py", "path": "/opt/hostedtoolcache/Python/3.10.13/x64/lib/python3.10/site-packages/hcaptcha_challenger/agents/playwright/control.py"}, "function": "_catch_all_binary_challenge", "level": {"icon": "üêû", "name": "DEBUG", "no": 10}, "line": 474, "message": "handle task", "module": "control", "name": "hcaptcha_challenger.agents.playwright.control", "process": {"id": 3655, "name": "MainProcess"}, "thread": {"id": 140158294752128, "name": "MainThread"}, "time": {"repr": "2023-12-16 07:22:20.828379+08:00", "timestamp": 1702682540.828379}}}
{"text": "2023-12-16 07:22:28 | DEBUG    | epic_games.agent:insert_challenge:106 | task done - {'sattus': 'success'}\n", "record": {"elapsed": {"repr": "0:00:40.671983", "seconds": 40.671983}, "exception": null, "extra": {"sattus": "success"}, "file": {"name": "agent.py", "path": "/home/runner/work/epic/epic/epic/src/epic_games/agent.py"}, "function": "insert_challenge", "level": {"icon": "üêû", "name": "DEBUG", "no": 10}, "line": 106, "message": "task done", "module": "agent", "name": "epic_games.agent", "process": {"id": 3655, "name": "MainProcess"}, "thread": {"id": 140158294752128, "name": "MainThread"}, "time": {"repr": "2023-12-16 07:22:28.747904+08:00", "timestamp": 1702682548.747904}}}
{"text": "2023-12-16 07:23:00 | INFO    | epic_games.agent:claim_weekly_games:294 | claim_weekly_games - {'action': 'go to store', 'url': 'https://store.epicgames.com/en-US/p/destiny-2--legacy-collection-2023'}\n", "record": {"elapsed": {"repr": "0:01:12.835209", "seconds": 72.835209}, "exception": null, "extra": {"action": "go to store", "url": "https://store.epicgames.com/en-US/p/destiny-2--legacy-collection-2023"}, "file": {"name": "agent.py", "path": "/home/runner/work/epic/epic/epic/src/epic_games/agent.py"}, "function": "claim_weekly_games", "level": {"icon": "‚ÑπÔ∏è", "name": "INFO", "no": 20}, "line": 294, "message": "claim_weekly_games", "module": "agent", "name": "epic_games.agent", "process": {"id": 3655, "name": "MainProcess"}, "thread": {"id": 140158294752128, "name": "MainThread"}, "time": {"repr": "2023-12-16 07:23:00.911130+08:00", "timestamp": 1702682580.91113}}}
{"text": "2023-12-16 07:23:09 | INFO    | epic_games.agent:claim_weekly_games:326 | claim_weekly_games - {'action': 'move to webPurchaseContainer iframe'}\n", "record": {"elapsed": {"repr": "0:01:21.637802", "seconds": 81.637802}, "exception": null, "extra": {"action": "move to webPurchaseContainer iframe"}, "file": {"name": "agent.py", "path": "/home/runner/work/epic/epic/epic/src/epic_games/agent.py"}, "function": "claim_weekly_games", "level": {"icon": "‚ÑπÔ∏è", "name": "INFO", "no": 20}, "line": 326, "message": "claim_weekly_games", "module": "agent", "name": "epic_games.agent", "process": {"id": 3655, "name": "MainProcess"}, "thread": {"id": 140158294752128, "name": "MainThread"}, "time": {"repr": "2023-12-16 07:23:09.713723+08:00", "timestamp": 1702682589.713723}}}
{"text": "2023-12-16 07:23:12 | INFO    | epic_games.agent:claim_weekly_games:328 | claim_weekly_games - {'action': 'click payment button'}\n", "record": {"elapsed": {"repr": "0:01:24.023485", "seconds": 84.023485}, "exception": null, "extra": {"action": "click payment button"}, "file": {"name": "agent.py", "path": "/home/runner/work/epic/epic/epic/src/epic_games/agent.py"}, "function": "claim_weekly_games", "level": {"icon": "‚ÑπÔ∏è", "name": "INFO", "no": 20}, "line": 328, "message": "claim_weekly_games", "module": "agent", "name": "epic_games.agent", "process": {"id": 3655, "name": "MainProcess"}, "thread": {"id": 140158294752128, "name": "MainThread"}, "time": {"repr": "2023-12-16 07:23:12.099406+08:00", "timestamp": 1702682592.099406}}}
{"text": "2023-12-16 07:23:17 | DEBUG    | hcaptcha_challenger.agents.playwright.control:_parse_label:241 | get task - {'prompt': 'Please click each image containing edible plant'}\n", "record": {"elapsed": {"repr": "0:01:29.026347", "seconds": 89.026347}, "exception": null, "extra": {"prompt": "Please click each image containing edible plant"}, "file": {"name": "control.py", "path": "/opt/hostedtoolcache/Python/3.10.13/x64/lib/python3.10/site-packages/hcaptcha_challenger/agents/playwright/control.py"}, "function": "_parse_label", "level": {"icon": "üêû", "name": "DEBUG", "no": 10}, "line": 241, "message": "get task", "module": "control", "name": "hcaptcha_challenger.agents.playwright.control", "process": {"id": 3655, "name": "MainProcess"}, "thread": {"id": 140158294752128, "name": "MainThread"}, "time": {"repr": "2023-12-16 07:23:17.102268+08:00", "timestamp": 1702682597.102268}}}
{"text": "2023-12-16 07:23:18 | DEBUG    | hcaptcha_challenger.agents.playwright.control:_catch_all_binary_challenge:474 | handle task - {'unsupervised': 'binary', 'candidate_labels': ['This is a picture that looks like edible plant.', \"This is a picture that don't look like edible plant.\"], 'prompt': 'Please click each image containing edible plant', 'timit': '0.726s'}\n", "record": {"elapsed": {"repr": "0:01:29.964557", "seconds": 89.964557}, "exception": null, "extra": {"unsupervised": "binary", "candidate_labels": ["This is a picture that looks like edible plant.", "This is a picture that don't look like edible plant."], "prompt": "Please click each image containing edible plant", "timit": "0.726s"}, "file": {"name": "control.py", "path": "/opt/hostedtoolcache/Python/3.10.13/x64/lib/python3.10/site-packages/hcaptcha_challenger/agents/playwright/control.py"}, "function": "_catch_all_binary_challenge", "level": {"icon": "üêû", "name": "DEBUG", "no": 10}, "line": 474, "message": "handle task", "module": "control", "name": "hcaptcha_challenger.agents.playwright.control", "process": {"id": 3655, "name": "MainProcess"}, "thread": {"id": 140158294752128, "name": "MainThread"}, "time": {"repr": "2023-12-16 07:23:18.040478+08:00", "timestamp": 1702682598.040478}}}
{"text": "2023-12-16 07:23:26 | DEBUG    | epic_games.agent:insert_challenge:106 | task done - {'sattus': 'success'}\n", "record": {"elapsed": {"repr": "0:01:38.216357", "seconds": 98.216357}, "exception": null, "extra": {"sattus": "success"}, "file": {"name": "agent.py", "path": "/home/runner/work/epic/epic/epic/src/epic_games/agent.py"}, "function": "insert_challenge", "level": {"icon": "üêû", "name": "DEBUG", "no": 10}, "line": 106, "message": "task done", "module": "agent", "name": "epic_games.agent", "process": {"id": 3655, "name": "MainProcess"}, "thread": {"id": 140158294752128, "name": "MainThread"}, "time": {"repr": "2023-12-16 07:23:26.292278+08:00", "timestamp": 1702682606.292278}}}
{"text": "2023-12-16 07:23:58 | INFO    | epic_games.agent:claim_weekly_games:294 | claim_weekly_games - {'action': 'go to store', 'url': 'https://store.epicgames.com/en-US/p/destiny-2--legacy-collection-2023'}\n", "record": {"elapsed": {"repr": "0:02:10.384572", "seconds": 130.384572}, "exception": null, "extra": {"action": "go to store", "url": "https://store.epicgames.com/en-US/p/destiny-2--legacy-collection-2023"}, "file": {"name": "agent.py", "path": "/home/runner/work/epic/epic/epic/src/epic_games/agent.py"}, "function": "claim_weekly_games", "level": {"icon": "‚ÑπÔ∏è", "name": "INFO", "no": 20}, "line": 294, "message": "claim_weekly_games", "module": "agent", "name": "epic_games.agent", "process": {"id": 3655, "name": "MainProcess"}, "thread": {"id": 140158294752128, "name": "MainThread"}, "time": {"repr": "2023-12-16 07:23:58.460493+08:00", "timestamp": 1702682638.460493}}}
{"text": "2023-12-16 07:24:06 | INFO    | epic_games.agent:claim_weekly_games:326 | claim_weekly_games - {'action': 'move to webPurchaseContainer iframe'}\n", "record": {"elapsed": {"repr": "0:02:18.602929", "seconds": 138.602929}, "exception": null, "extra": {"action": "move to webPurchaseContainer iframe"}, "file": {"name": "agent.py", "path": "/home/runner/work/epic/epic/epic/src/epic_games/agent.py"}, "function": "claim_weekly_games", "level": {"icon": "‚ÑπÔ∏è", "name": "INFO", "no": 20}, "line": 326, "message": "claim_weekly_games", "module": "agent", "name": "epic_games.agent", "process": {"id": 3655, "name": "MainProcess"}, "thread": {"id": 140158294752128, "name": "MainThread"}, "time": {"repr": "2023-12-16 07:24:06.678850+08:00", "timestamp": 1702682646.67885}}}
{"text": "2023-12-16 07:24:09 | INFO    | epic_games.agent:claim_weekly_games:328 | claim_weekly_games - {'action': 'click payment button'}\n", "record": {"elapsed": {"repr": "0:02:20.974273", "seconds": 140.974273}, "exception": null, "extra": {"action": "click payment button"}, "file": {"name": "agent.py", "path": "/home/runner/work/epic/epic/epic/src/epic_games/agent.py"}, "function": "claim_weekly_games", "level": {"icon": "‚ÑπÔ∏è", "name": "INFO", "no": 20}, "line": 328, "message": "claim_weekly_games", "module": "agent", "name": "epic_games.agent", "process": {"id": 3655, "name": "MainProcess"}, "thread": {"id": 140158294752128, "name": "MainThread"}, "time": {"repr": "2023-12-16 07:24:09.050194+08:00", "timestamp": 1702682649.050194}}}
{"text": "2023-12-16 07:24:14 | DEBUG    | hcaptcha_challenger.agents.playwright.control:_parse_label:241 | get task - {'prompt': 'Please click on t“ªe obj–µct t“ªat is different'}\n", "record": {"elapsed": {"repr": "0:02:25.976706", "seconds": 145.976706}, "exception": null, "extra": {"prompt": "Please click on t“ªe obj–µct t“ªat is different"}, "file": {"name": "control.py", "path": "/opt/hostedtoolcache/Python/3.10.13/x64/lib/python3.10/site-packages/hcaptcha_challenger/agents/playwright/control.py"}, "function": "_parse_label", "level": {"icon": "üêû", "name": "DEBUG", "no": 10}, "line": 241, "message": "get task", "module": "control", "name": "hcaptcha_challenger.agents.playwright.control", "process": {"id": 3655, "name": "MainProcess"}, "thread": {"id": 140158294752128, "name": "MainThread"}, "time": {"repr": "2023-12-16 07:24:14.052627+08:00", "timestamp": 1702682654.052627}}}
{"text": "2023-12-16 07:24:19 | DEBUG    | epic_games.agent:insert_challenge:106 | task done - {'sattus': 'success'}\n", "record": {"elapsed": {"repr": "0:02:30.939186", "seconds": 150.939186}, "exception": null, "extra": {"sattus": "success"}, "file": {"name": "agent.py", "path": "/home/runner/work/epic/epic/epic/src/epic_games/agent.py"}, "function": "insert_challenge", "level": {"icon": "üêû", "name": "DEBUG", "no": 10}, "line": 106, "message": "task done", "module": "agent", "name": "epic_games.agent", "process": {"id": 3655, "name": "MainProcess"}, "thread": {"id": 140158294752128, "name": "MainThread"}, "time": {"repr": "2023-12-16 07:24:19.015107+08:00", "timestamp": 1702682659.015107}}}
{"text": "2023-12-16 07:24:50 | ERROR    | __main__:run:158 | An error has been caught in function 'run', process 'MainProcess' (3655), thread 'MainThread' (140158294752128): - {}\nTraceback (most recent call last):\n  File \"/home/runner/work/epic/epic/epic/src/claim.py\", line 151, in stash\n    await self.claim_epic_games(context)\n  File \"/home/runner/work/epic/epic/epic/src/claim.py\", line 122, in claim_epic_games\n    await epic.claim_weekly_games(page, single_promotions)\n  File \"/opt/hostedtoolcache/Python/3.10.13/x64/lib/python3.10/site-packages/tenacity/_asyncio.py\", line 88, in async_wrapped\n    return await fn(*args, **kwargs)\n  File \"/opt/hostedtoolcache/Python/3.10.13/x64/lib/python3.10/site-packages/tenacity/_asyncio.py\", line 47, in __call__\n    do = self.iter(retry_state=retry_state)\n  File \"/opt/hostedtoolcache/Python/3.10.13/x64/lib/python3.10/site-packages/tenacity/__init__.py\", line 325, in iter\n    raise retry_exc.reraise()\n  File \"/opt/hostedtoolcache/Python/3.10.13/x64/lib/python3.10/site-packages/tenacity/__init__.py\", line 158, in reraise\n    raise self.last_attempt.result()\n  File \"/opt/hostedtoolcache/Python/3.10.13/x64/lib/python3.10/concurrent/futures/_base.py\", line 451, in result\n    return self.__get_result()\n  File \"/opt/hostedtoolcache/Python/3.10.13/x64/lib/python3.10/concurrent/futures/_base.py\", line 403, in __get_result\n    raise self._exception\n  File \"/opt/hostedtoolcache/Python/3.10.13/x64/lib/python3.10/site-packages/tenacity/_asyncio.py\", line 50, in __call__\n    result = await fn(*args, **kwargs)\n  File \"/home/runner/work/epic/epic/epic/src/epic_games/agent.py\", line 338, in claim_weekly_games\n    await page.wait_for_url(recur_url)\n  File \"/opt/hostedtoolcache/Python/3.10.13/x64/lib/python3.10/site-packages/playwright/async_api/_generated.py\", line 9417, in wait_for_url\n    await self._impl_obj.wait_for_url(\n  File \"/opt/hostedtoolcache/Python/3.10.13/x64/lib/python3.10/site-packages/playwright/_impl/_page.py\", line 499, in wait_for_url\n    return await self._main_frame.wait_for_url(**locals_to_params(locals()))\n  File \"/opt/hostedtoolcache/Python/3.10.13/x64/lib/python3.10/site-packages/playwright/_impl/_frame.py\", line 227, in wait_for_url\n    async with self.expect_navigation(\n  File \"/opt/hostedtoolcache/Python/3.10.13/x64/lib/python3.10/site-packages/playwright/_impl/_event_context_manager.py\", line 33, in __aexit__\n    await self._future\n  File \"/opt/hostedtoolcache/Python/3.10.13/x64/lib/python3.10/site-packages/playwright/_impl/_frame.py\", line 202, in continuation\n    event = await waiter.result()\nplaywright._impl._errors.TimeoutError: Timeout 30000ms exceeded.\n=========================== logs ===========================\nwaiting for navigation to \"https://store.epicgames.com/en-US/cart/success\" until 'load'\n============================================================\n\nDuring handling of the above exception, another exception occurred:\n\nTraceback (most recent call last):\n  File \"/home/runner/work/epic/epic/epic/src/claim.py\", line 162, in <module>\n    asyncio.run(run())\n  File \"/opt/hostedtoolcache/Python/3.10.13/x64/lib/python3.10/asyncio/runners.py\", line 44, in run\n    return loop.run_until_complete(main)\n  File \"/opt/hostedtoolcache/Python/3.10.13/x64/lib/python3.10/asyncio/base_events.py\", line 636, in run_until_complete\n    self.run_forever()\n  File \"/opt/hostedtoolcache/Python/3.10.13/x64/lib/python3.10/asyncio/base_events.py\", line 603, in run_forever\n    self._run_once()\n  File \"/opt/hostedtoolcache/Python/3.10.13/x64/lib/python3.10/asyncio/base_events.py\", line 1909, in _run_once\n    handle._run()\n  File \"/opt/hostedtoolcache/Python/3.10.13/x64/lib/python3.10/asyncio/events.py\", line 80, in _run\n    self._context.run(self._callback, *self._args)\n> File \"/home/runner/work/epic/epic/epic/src/claim.py\", line 158, in run\n    await agent.stash()\n  File \"/home/runner/work/epic/epic/epic/src/claim.py\", line 139, in stash\n    async with async_playwright() as p:\n  File \"/opt/hostedtoolcache/Python/3.10.13/x64/lib/python3.10/site-packages/playwright/async_api/_context_manager.py\", line 58, in __aexit__\n    await self._connection.stop_async()\n  File \"/opt/hostedtoolcache/Python/3.10.13/x64/lib/python3.10/site-packages/playwright/_impl/_connection.py\", line 288, in stop_async\n    self.cleanup()\n  File \"/opt/hostedtoolcache/Python/3.10.13/x64/lib/python3.10/site-packages/playwright/_impl/_connection.py\", line 299, in cleanup\n    callback.future.set_exception(self._closed_error)\nasyncio.exceptions.InvalidStateError: invalid state\n", "record": {"elapsed": {"repr": "0:03:02.735656", "seconds": 182.735656}, "exception": {"type": "InvalidStateError", "value": "invalid state", "traceback": true}, "extra": {}, "file": {"name": "claim.py", "path": "/home/runner/work/epic/epic/epic/src/claim.py"}, "function": "run", "level": {"icon": "‚ùå", "name": "ERROR", "no": 40}, "line": 158, "message": "An error has been caught in function 'run', process 'MainProcess' (3655), thread 'MainThread' (140158294752128):", "module": "claim", "name": "__main__", "process": {"id": 3655, "name": "MainProcess"}, "thread": {"id": 140158294752128, "name": "MainThread"}, "time": {"repr": "2023-12-16 07:24:50.811577+08:00", "timestamp": 1702682690.811577}}}
