{"text": "2023-12-30 07:23:26 | INFO    | __main__:stash:131 | run - {'image': '20231121', 'version': '0.10.1.post2', 'role': 'EpicPlayer', 'headless': True}\n", "record": {"elapsed": {"repr": "0:00:01.801731", "seconds": 1.801731}, "exception": null, "extra": {"image": "20231121", "version": "0.10.1.post2", "role": "EpicPlayer", "headless": true}, "file": {"name": "claim.py", "path": "/home/runner/work/epic/epic/epic/src/claim.py"}, "function": "stash", "level": {"icon": "‚ÑπÔ∏è", "name": "INFO", "no": 20}, "line": 131, "message": "run", "module": "claim", "name": "__main__", "process": {"id": 3552, "name": "MainProcess"}, "thread": {"id": 140466532600704, "name": "MainThread"}, "time": {"repr": "2023-12-30 07:23:26.205910+08:00", "timestamp": 1703892206.20591}}}
{"text": "2023-12-30 07:23:33 | DEBUG    | __main__:create_tasks:66 | Put task - {'title': 'Snakebird Complete', 'url': 'https://store.epicgames.com/en-US/p/snakebird-complete-e6f0ae'}\n", "record": {"elapsed": {"repr": "0:00:09.137316", "seconds": 9.137316}, "exception": null, "extra": {"title": "Snakebird Complete", "url": "https://store.epicgames.com/en-US/p/snakebird-complete-e6f0ae"}, "file": {"name": "claim.py", "path": "/home/runner/work/epic/epic/epic/src/claim.py"}, "function": "create_tasks", "level": {"icon": "üêû", "name": "DEBUG", "no": 10}, "line": 66, "message": "Put task", "module": "claim", "name": "__main__", "process": {"id": 3552, "name": "MainProcess"}, "thread": {"id": 140466532600704, "name": "MainThread"}, "time": {"repr": "2023-12-30 07:23:33.541495+08:00", "timestamp": 1703892213.541495}}}
{"text": "2023-12-30 07:23:39 | INFO    | epic_games.agent:claim_weekly_games:294 | claim_weekly_games - {'action': 'go to store', 'url': 'https://store.epicgames.com/en-US/p/snakebird-complete-e6f0ae'}\n", "record": {"elapsed": {"repr": "0:00:14.692206", "seconds": 14.692206}, "exception": null, "extra": {"action": "go to store", "url": "https://store.epicgames.com/en-US/p/snakebird-complete-e6f0ae"}, "file": {"name": "agent.py", "path": "/home/runner/work/epic/epic/epic/src/epic_games/agent.py"}, "function": "claim_weekly_games", "level": {"icon": "‚ÑπÔ∏è", "name": "INFO", "no": 20}, "line": 294, "message": "claim_weekly_games", "module": "agent", "name": "epic_games.agent", "process": {"id": 3552, "name": "MainProcess"}, "thread": {"id": 140466532600704, "name": "MainThread"}, "time": {"repr": "2023-12-30 07:23:39.096385+08:00", "timestamp": 1703892219.096385}}}
{"text": "2023-12-30 07:23:51 | INFO    | epic_games.agent:claim_weekly_games:326 | claim_weekly_games - {'action': 'move to webPurchaseContainer iframe'}\n", "record": {"elapsed": {"repr": "0:00:27.348374", "seconds": 27.348374}, "exception": null, "extra": {"action": "move to webPurchaseContainer iframe"}, "file": {"name": "agent.py", "path": "/home/runner/work/epic/epic/epic/src/epic_games/agent.py"}, "function": "claim_weekly_games", "level": {"icon": "‚ÑπÔ∏è", "name": "INFO", "no": 20}, "line": 326, "message": "claim_weekly_games", "module": "agent", "name": "epic_games.agent", "process": {"id": 3552, "name": "MainProcess"}, "thread": {"id": 140466532600704, "name": "MainThread"}, "time": {"repr": "2023-12-30 07:23:51.752553+08:00", "timestamp": 1703892231.752553}}}
{"text": "2023-12-30 07:23:54 | INFO    | epic_games.agent:claim_weekly_games:328 | claim_weekly_games - {'action': 'click payment button'}\n", "record": {"elapsed": {"repr": "0:00:29.801195", "seconds": 29.801195}, "exception": null, "extra": {"action": "click payment button"}, "file": {"name": "agent.py", "path": "/home/runner/work/epic/epic/epic/src/epic_games/agent.py"}, "function": "claim_weekly_games", "level": {"icon": "‚ÑπÔ∏è", "name": "INFO", "no": 20}, "line": 328, "message": "claim_weekly_games", "module": "agent", "name": "epic_games.agent", "process": {"id": 3552, "name": "MainProcess"}, "thread": {"id": 140466532600704, "name": "MainThread"}, "time": {"repr": "2023-12-30 07:23:54.205374+08:00", "timestamp": 1703892234.205374}}}
{"text": "2023-12-30 07:23:59 | DEBUG    | hcaptcha_challenger.agents.playwright.control:_parse_label:241 | get task - {'prompt': 'Plea—ïe click on all images of th–µ heaviest anim–∞l species'}\n", "record": {"elapsed": {"repr": "0:00:34.803581", "seconds": 34.803581}, "exception": null, "extra": {"prompt": "Plea—ïe click on all images of th–µ heaviest anim–∞l species"}, "file": {"name": "control.py", "path": "/opt/hostedtoolcache/Python/3.10.13/x64/lib/python3.10/site-packages/hcaptcha_challenger/agents/playwright/control.py"}, "function": "_parse_label", "level": {"icon": "üêû", "name": "DEBUG", "no": 10}, "line": 241, "message": "get task", "module": "control", "name": "hcaptcha_challenger.agents.playwright.control", "process": {"id": 3552, "name": "MainProcess"}, "thread": {"id": 140466532600704, "name": "MainThread"}, "time": {"repr": "2023-12-30 07:23:59.207760+08:00", "timestamp": 1703892239.20776}}}
{"text": "2023-12-30 07:24:00 | DEBUG    | hcaptcha_challenger.agents.playwright.control:_catch_all_binary_challenge:474 | handle task - {'unsupervised': 'binary', 'candidate_labels': ['This is a picture that looks like please click on all images of the heaviest animal species.', \"This is a picture that don't look like please click on all images of the heaviest animal species.\"], 'prompt': 'Plea—ïe click on all images of th–µ heaviest anim–∞l species', 'timit': '0.952s'}\n", "record": {"elapsed": {"repr": "0:00:36.069972", "seconds": 36.069972}, "exception": null, "extra": {"unsupervised": "binary", "candidate_labels": ["This is a picture that looks like please click on all images of the heaviest animal species.", "This is a picture that don't look like please click on all images of the heaviest animal species."], "prompt": "Plea—ïe click on all images of th–µ heaviest anim–∞l species", "timit": "0.952s"}, "file": {"name": "control.py", "path": "/opt/hostedtoolcache/Python/3.10.13/x64/lib/python3.10/site-packages/hcaptcha_challenger/agents/playwright/control.py"}, "function": "_catch_all_binary_challenge", "level": {"icon": "üêû", "name": "DEBUG", "no": 10}, "line": 474, "message": "handle task", "module": "control", "name": "hcaptcha_challenger.agents.playwright.control", "process": {"id": 3552, "name": "MainProcess"}, "thread": {"id": 140466532600704, "name": "MainThread"}, "time": {"repr": "2023-12-30 07:24:00.474151+08:00", "timestamp": 1703892240.474151}}}
{"text": "2023-12-30 07:24:11 | DEBUG    | epic_games.agent:insert_challenge:106 | task done - {'sattus': 'success'}\n", "record": {"elapsed": {"repr": "0:00:47.397105", "seconds": 47.397105}, "exception": null, "extra": {"sattus": "success"}, "file": {"name": "agent.py", "path": "/home/runner/work/epic/epic/epic/src/epic_games/agent.py"}, "function": "insert_challenge", "level": {"icon": "üêû", "name": "DEBUG", "no": 10}, "line": 106, "message": "task done", "module": "agent", "name": "epic_games.agent", "process": {"id": 3552, "name": "MainProcess"}, "thread": {"id": 140466532600704, "name": "MainThread"}, "time": {"repr": "2023-12-30 07:24:11.801284+08:00", "timestamp": 1703892251.801284}}}
{"text": "2023-12-30 07:24:43 | INFO    | epic_games.agent:claim_weekly_games:294 | claim_weekly_games - {'action': 'go to store', 'url': 'https://store.epicgames.com/en-US/p/snakebird-complete-e6f0ae'}\n", "record": {"elapsed": {"repr": "0:01:19.563708", "seconds": 79.563708}, "exception": null, "extra": {"action": "go to store", "url": "https://store.epicgames.com/en-US/p/snakebird-complete-e6f0ae"}, "file": {"name": "agent.py", "path": "/home/runner/work/epic/epic/epic/src/epic_games/agent.py"}, "function": "claim_weekly_games", "level": {"icon": "‚ÑπÔ∏è", "name": "INFO", "no": 20}, "line": 294, "message": "claim_weekly_games", "module": "agent", "name": "epic_games.agent", "process": {"id": 3552, "name": "MainProcess"}, "thread": {"id": 140466532600704, "name": "MainThread"}, "time": {"repr": "2023-12-30 07:24:43.967887+08:00", "timestamp": 1703892283.967887}}}
{"text": "2023-12-30 07:24:52 | INFO    | epic_games.agent:claim_weekly_games:326 | claim_weekly_games - {'action': 'move to webPurchaseContainer iframe'}\n", "record": {"elapsed": {"repr": "0:01:28.216765", "seconds": 88.216765}, "exception": null, "extra": {"action": "move to webPurchaseContainer iframe"}, "file": {"name": "agent.py", "path": "/home/runner/work/epic/epic/epic/src/epic_games/agent.py"}, "function": "claim_weekly_games", "level": {"icon": "‚ÑπÔ∏è", "name": "INFO", "no": 20}, "line": 326, "message": "claim_weekly_games", "module": "agent", "name": "epic_games.agent", "process": {"id": 3552, "name": "MainProcess"}, "thread": {"id": 140466532600704, "name": "MainThread"}, "time": {"repr": "2023-12-30 07:24:52.620944+08:00", "timestamp": 1703892292.620944}}}
{"text": "2023-12-30 07:24:54 | INFO    | epic_games.agent:claim_weekly_games:328 | claim_weekly_games - {'action': 'click payment button'}\n", "record": {"elapsed": {"repr": "0:01:30.594486", "seconds": 90.594486}, "exception": null, "extra": {"action": "click payment button"}, "file": {"name": "agent.py", "path": "/home/runner/work/epic/epic/epic/src/epic_games/agent.py"}, "function": "claim_weekly_games", "level": {"icon": "‚ÑπÔ∏è", "name": "INFO", "no": 20}, "line": 328, "message": "claim_weekly_games", "module": "agent", "name": "epic_games.agent", "process": {"id": 3552, "name": "MainProcess"}, "thread": {"id": 140466532600704, "name": "MainThread"}, "time": {"repr": "2023-12-30 07:24:54.998665+08:00", "timestamp": 1703892294.998665}}}
{"text": "2023-12-30 07:25:00 | DEBUG    | hcaptcha_challenger.agents.playwright.control:_parse_label:241 | get task - {'prompt': 'Please click on all —ñmages of t“ªe “ªeaviest animal species'}\n", "record": {"elapsed": {"repr": "0:01:35.595990", "seconds": 95.59599}, "exception": null, "extra": {"prompt": "Please click on all —ñmages of t“ªe “ªeaviest animal species"}, "file": {"name": "control.py", "path": "/opt/hostedtoolcache/Python/3.10.13/x64/lib/python3.10/site-packages/hcaptcha_challenger/agents/playwright/control.py"}, "function": "_parse_label", "level": {"icon": "üêû", "name": "DEBUG", "no": 10}, "line": 241, "message": "get task", "module": "control", "name": "hcaptcha_challenger.agents.playwright.control", "process": {"id": 3552, "name": "MainProcess"}, "thread": {"id": 140466532600704, "name": "MainThread"}, "time": {"repr": "2023-12-30 07:25:00.000169+08:00", "timestamp": 1703892300.000169}}}
{"text": "2023-12-30 07:25:00 | DEBUG    | hcaptcha_challenger.agents.playwright.control:_catch_all_binary_challenge:474 | handle task - {'unsupervised': 'binary', 'candidate_labels': ['This is a picture that looks like please click on all images of the heaviest animal species.', \"This is a picture that don't look like please click on all images of the heaviest animal species.\"], 'prompt': 'Please click on all —ñmages of t“ªe “ªeaviest animal species', 'timit': '0.780s'}\n", "record": {"elapsed": {"repr": "0:01:36.500362", "seconds": 96.500362}, "exception": null, "extra": {"unsupervised": "binary", "candidate_labels": ["This is a picture that looks like please click on all images of the heaviest animal species.", "This is a picture that don't look like please click on all images of the heaviest animal species."], "prompt": "Please click on all —ñmages of t“ªe “ªeaviest animal species", "timit": "0.780s"}, "file": {"name": "control.py", "path": "/opt/hostedtoolcache/Python/3.10.13/x64/lib/python3.10/site-packages/hcaptcha_challenger/agents/playwright/control.py"}, "function": "_catch_all_binary_challenge", "level": {"icon": "üêû", "name": "DEBUG", "no": 10}, "line": 474, "message": "handle task", "module": "control", "name": "hcaptcha_challenger.agents.playwright.control", "process": {"id": 3552, "name": "MainProcess"}, "thread": {"id": 140466532600704, "name": "MainThread"}, "time": {"repr": "2023-12-30 07:25:00.904541+08:00", "timestamp": 1703892300.904541}}}
{"text": "2023-12-30 07:25:10 | DEBUG    | epic_games.agent:insert_challenge:106 | task done - {'sattus': 'success'}\n", "record": {"elapsed": {"repr": "0:01:46.520890", "seconds": 106.52089}, "exception": null, "extra": {"sattus": "success"}, "file": {"name": "agent.py", "path": "/home/runner/work/epic/epic/epic/src/epic_games/agent.py"}, "function": "insert_challenge", "level": {"icon": "üêû", "name": "DEBUG", "no": 10}, "line": 106, "message": "task done", "module": "agent", "name": "epic_games.agent", "process": {"id": 3552, "name": "MainProcess"}, "thread": {"id": 140466532600704, "name": "MainThread"}, "time": {"repr": "2023-12-30 07:25:10.925069+08:00", "timestamp": 1703892310.925069}}}
{"text": "2023-12-30 07:25:43 | INFO    | epic_games.agent:claim_weekly_games:294 | claim_weekly_games - {'action': 'go to store', 'url': 'https://store.epicgames.com/en-US/p/snakebird-complete-e6f0ae'}\n", "record": {"elapsed": {"repr": "0:02:18.683779", "seconds": 138.683779}, "exception": null, "extra": {"action": "go to store", "url": "https://store.epicgames.com/en-US/p/snakebird-complete-e6f0ae"}, "file": {"name": "agent.py", "path": "/home/runner/work/epic/epic/epic/src/epic_games/agent.py"}, "function": "claim_weekly_games", "level": {"icon": "‚ÑπÔ∏è", "name": "INFO", "no": 20}, "line": 294, "message": "claim_weekly_games", "module": "agent", "name": "epic_games.agent", "process": {"id": 3552, "name": "MainProcess"}, "thread": {"id": 140466532600704, "name": "MainThread"}, "time": {"repr": "2023-12-30 07:25:43.087958+08:00", "timestamp": 1703892343.087958}}}
{"text": "2023-12-30 07:25:51 | INFO    | epic_games.agent:claim_weekly_games:326 | claim_weekly_games - {'action': 'move to webPurchaseContainer iframe'}\n", "record": {"elapsed": {"repr": "0:02:27.219707", "seconds": 147.219707}, "exception": null, "extra": {"action": "move to webPurchaseContainer iframe"}, "file": {"name": "agent.py", "path": "/home/runner/work/epic/epic/epic/src/epic_games/agent.py"}, "function": "claim_weekly_games", "level": {"icon": "‚ÑπÔ∏è", "name": "INFO", "no": 20}, "line": 326, "message": "claim_weekly_games", "module": "agent", "name": "epic_games.agent", "process": {"id": 3552, "name": "MainProcess"}, "thread": {"id": 140466532600704, "name": "MainThread"}, "time": {"repr": "2023-12-30 07:25:51.623886+08:00", "timestamp": 1703892351.623886}}}
{"text": "2023-12-30 07:25:54 | INFO    | epic_games.agent:claim_weekly_games:328 | claim_weekly_games - {'action': 'click payment button'}\n", "record": {"elapsed": {"repr": "0:02:29.616955", "seconds": 149.616955}, "exception": null, "extra": {"action": "click payment button"}, "file": {"name": "agent.py", "path": "/home/runner/work/epic/epic/epic/src/epic_games/agent.py"}, "function": "claim_weekly_games", "level": {"icon": "‚ÑπÔ∏è", "name": "INFO", "no": 20}, "line": 328, "message": "claim_weekly_games", "module": "agent", "name": "epic_games.agent", "process": {"id": 3552, "name": "MainProcess"}, "thread": {"id": 140466532600704, "name": "MainThread"}, "time": {"repr": "2023-12-30 07:25:54.021134+08:00", "timestamp": 1703892354.021134}}}
{"text": "2023-12-30 07:25:59 | DEBUG    | hcaptcha_challenger.agents.playwright.control:_parse_label:241 | get task - {'prompt': 'Please click on all images of the heaviest animal species'}\n", "record": {"elapsed": {"repr": "0:02:34.619172", "seconds": 154.619172}, "exception": null, "extra": {"prompt": "Please click on all images of the heaviest animal species"}, "file": {"name": "control.py", "path": "/opt/hostedtoolcache/Python/3.10.13/x64/lib/python3.10/site-packages/hcaptcha_challenger/agents/playwright/control.py"}, "function": "_parse_label", "level": {"icon": "üêû", "name": "DEBUG", "no": 10}, "line": 241, "message": "get task", "module": "control", "name": "hcaptcha_challenger.agents.playwright.control", "process": {"id": 3552, "name": "MainProcess"}, "thread": {"id": 140466532600704, "name": "MainThread"}, "time": {"repr": "2023-12-30 07:25:59.023351+08:00", "timestamp": 1703892359.023351}}}
{"text": "2023-12-30 07:25:59 | DEBUG    | hcaptcha_challenger.agents.playwright.control:_catch_all_binary_challenge:474 | handle task - {'unsupervised': 'binary', 'candidate_labels': ['This is a picture that looks like please click on all images of the heaviest animal species.', \"This is a picture that don't look like please click on all images of the heaviest animal species.\"], 'prompt': 'Please click on all images of the heaviest animal species', 'timit': '0.689s'}\n", "record": {"elapsed": {"repr": "0:02:35.429966", "seconds": 155.429966}, "exception": null, "extra": {"unsupervised": "binary", "candidate_labels": ["This is a picture that looks like please click on all images of the heaviest animal species.", "This is a picture that don't look like please click on all images of the heaviest animal species."], "prompt": "Please click on all images of the heaviest animal species", "timit": "0.689s"}, "file": {"name": "control.py", "path": "/opt/hostedtoolcache/Python/3.10.13/x64/lib/python3.10/site-packages/hcaptcha_challenger/agents/playwright/control.py"}, "function": "_catch_all_binary_challenge", "level": {"icon": "üêû", "name": "DEBUG", "no": 10}, "line": 474, "message": "handle task", "module": "control", "name": "hcaptcha_challenger.agents.playwright.control", "process": {"id": 3552, "name": "MainProcess"}, "thread": {"id": 140466532600704, "name": "MainThread"}, "time": {"repr": "2023-12-30 07:25:59.834145+08:00", "timestamp": 1703892359.834145}}}
{"text": "2023-12-30 07:26:10 | DEBUG    | epic_games.agent:insert_challenge:106 | task done - {'sattus': 'success'}\n", "record": {"elapsed": {"repr": "0:02:45.649040", "seconds": 165.64904}, "exception": null, "extra": {"sattus": "success"}, "file": {"name": "agent.py", "path": "/home/runner/work/epic/epic/epic/src/epic_games/agent.py"}, "function": "insert_challenge", "level": {"icon": "üêû", "name": "DEBUG", "no": 10}, "line": 106, "message": "task done", "module": "agent", "name": "epic_games.agent", "process": {"id": 3552, "name": "MainProcess"}, "thread": {"id": 140466532600704, "name": "MainThread"}, "time": {"repr": "2023-12-30 07:26:10.053219+08:00", "timestamp": 1703892370.053219}}}
{"text": "2023-12-30 07:26:41 | ERROR    | __main__:run:158 | An error has been caught in function 'run', process 'MainProcess' (3552), thread 'MainThread' (140466532600704): - {}\nTraceback (most recent call last):\n  File \"/home/runner/work/epic/epic/epic/src/claim.py\", line 151, in stash\n    await self.claim_epic_games(context)\n  File \"/home/runner/work/epic/epic/epic/src/claim.py\", line 122, in claim_epic_games\n    await epic.claim_weekly_games(page, single_promotions)\n  File \"/opt/hostedtoolcache/Python/3.10.13/x64/lib/python3.10/site-packages/tenacity/_asyncio.py\", line 88, in async_wrapped\n    return await fn(*args, **kwargs)\n  File \"/opt/hostedtoolcache/Python/3.10.13/x64/lib/python3.10/site-packages/tenacity/_asyncio.py\", line 47, in __call__\n    do = self.iter(retry_state=retry_state)\n  File \"/opt/hostedtoolcache/Python/3.10.13/x64/lib/python3.10/site-packages/tenacity/__init__.py\", line 325, in iter\n    raise retry_exc.reraise()\n  File \"/opt/hostedtoolcache/Python/3.10.13/x64/lib/python3.10/site-packages/tenacity/__init__.py\", line 158, in reraise\n    raise self.last_attempt.result()\n  File \"/opt/hostedtoolcache/Python/3.10.13/x64/lib/python3.10/concurrent/futures/_base.py\", line 451, in result\n    return self.__get_result()\n  File \"/opt/hostedtoolcache/Python/3.10.13/x64/lib/python3.10/concurrent/futures/_base.py\", line 403, in __get_result\n    raise self._exception\n  File \"/opt/hostedtoolcache/Python/3.10.13/x64/lib/python3.10/site-packages/tenacity/_asyncio.py\", line 50, in __call__\n    result = await fn(*args, **kwargs)\n  File \"/home/runner/work/epic/epic/epic/src/epic_games/agent.py\", line 338, in claim_weekly_games\n    await page.wait_for_url(recur_url)\n  File \"/opt/hostedtoolcache/Python/3.10.13/x64/lib/python3.10/site-packages/playwright/async_api/_generated.py\", line 9417, in wait_for_url\n    await self._impl_obj.wait_for_url(\n  File \"/opt/hostedtoolcache/Python/3.10.13/x64/lib/python3.10/site-packages/playwright/_impl/_page.py\", line 499, in wait_for_url\n    return await self._main_frame.wait_for_url(**locals_to_params(locals()))\n  File \"/opt/hostedtoolcache/Python/3.10.13/x64/lib/python3.10/site-packages/playwright/_impl/_frame.py\", line 227, in wait_for_url\n    async with self.expect_navigation(\n  File \"/opt/hostedtoolcache/Python/3.10.13/x64/lib/python3.10/site-packages/playwright/_impl/_event_context_manager.py\", line 33, in __aexit__\n    await self._future\n  File \"/opt/hostedtoolcache/Python/3.10.13/x64/lib/python3.10/site-packages/playwright/_impl/_frame.py\", line 202, in continuation\n    event = await waiter.result()\nplaywright._impl._errors.TimeoutError: Timeout 30000ms exceeded.\n=========================== logs ===========================\nwaiting for navigation to \"https://store.epicgames.com/en-US/cart/success\" until 'load'\n============================================================\n\nDuring handling of the above exception, another exception occurred:\n\nTraceback (most recent call last):\n  File \"/home/runner/work/epic/epic/epic/src/claim.py\", line 162, in <module>\n    asyncio.run(run())\n  File \"/opt/hostedtoolcache/Python/3.10.13/x64/lib/python3.10/asyncio/runners.py\", line 44, in run\n    return loop.run_until_complete(main)\n  File \"/opt/hostedtoolcache/Python/3.10.13/x64/lib/python3.10/asyncio/base_events.py\", line 636, in run_until_complete\n    self.run_forever()\n  File \"/opt/hostedtoolcache/Python/3.10.13/x64/lib/python3.10/asyncio/base_events.py\", line 603, in run_forever\n    self._run_once()\n  File \"/opt/hostedtoolcache/Python/3.10.13/x64/lib/python3.10/asyncio/base_events.py\", line 1909, in _run_once\n    handle._run()\n  File \"/opt/hostedtoolcache/Python/3.10.13/x64/lib/python3.10/asyncio/events.py\", line 80, in _run\n    self._context.run(self._callback, *self._args)\n> File \"/home/runner/work/epic/epic/epic/src/claim.py\", line 158, in run\n    await agent.stash()\n  File \"/home/runner/work/epic/epic/epic/src/claim.py\", line 139, in stash\n    async with async_playwright() as p:\n  File \"/opt/hostedtoolcache/Python/3.10.13/x64/lib/python3.10/site-packages/playwright/async_api/_context_manager.py\", line 58, in __aexit__\n    await self._connection.stop_async()\n  File \"/opt/hostedtoolcache/Python/3.10.13/x64/lib/python3.10/site-packages/playwright/_impl/_connection.py\", line 288, in stop_async\n    self.cleanup()\n  File \"/opt/hostedtoolcache/Python/3.10.13/x64/lib/python3.10/site-packages/playwright/_impl/_connection.py\", line 299, in cleanup\n    callback.future.set_exception(self._closed_error)\nasyncio.exceptions.InvalidStateError: invalid state\n", "record": {"elapsed": {"repr": "0:03:17.522258", "seconds": 197.522258}, "exception": {"type": "InvalidStateError", "value": "invalid state", "traceback": true}, "extra": {}, "file": {"name": "claim.py", "path": "/home/runner/work/epic/epic/epic/src/claim.py"}, "function": "run", "level": {"icon": "‚ùå", "name": "ERROR", "no": 40}, "line": 158, "message": "An error has been caught in function 'run', process 'MainProcess' (3552), thread 'MainThread' (140466532600704):", "module": "claim", "name": "__main__", "process": {"id": 3552, "name": "MainProcess"}, "thread": {"id": 140466532600704, "name": "MainThread"}, "time": {"repr": "2023-12-30 07:26:41.926437+08:00", "timestamp": 1703892401.926437}}}
